Removed Pin From Net: NetName=NetC2_2 Pin=P5-1
Removed Pin From Net: NetName=GND Pin=P5-2
Removed Pin From Net: NetName=NetD1_1 Pin=P6-1
Removed Pin From Net: NetName=NetD2_1 Pin=P6-2
Removed Pin From Net: NetName=NetD3_1 Pin=P7-1
Removed Pin From Net: NetName=NetD4_1 Pin=P7-2
Change Component Footprint: Designator=P3 Old Footprint=HDR1X2 New Footprint=header
Added Component: Designator=P5(header)
Added Component: Designator=P6(header)
Added Component: Designator=P7(header)
Added Component: Designator=P?(header)
Added Component: Designator=P?(header)
Added Pin To Net: NetName=NetC2_2 Pin=P5-1
Added Pin To Net: NetName=GND Pin=P5-2
Added Pin To Net: NetName=NetD1_1 Pin=P6-1
Added Pin To Net: NetName=NetD2_1 Pin=P6-2
Added Pin To Net: NetName=NetD3_1 Pin=P7-1
Added Pin To Net: NetName=NetD4_1 Pin=P7-2
Added Member To Class: ClassName=Sheet1 Member=Component P? Header 2
Added Member To Class: ClassName=Sheet1 Member=Component P? Header 2
Added Room: Name=Sheet1
